<?xml version="1.0" encoding="UTF-8"?>
<testng-results ignored="0" total="2" passed="2" failed="0" skipped="0">
  <reporter-output>
  </reporter-output>
  <suite started-at="2024-01-17T10:13:13Z" name="Default suite" finished-at="2024-01-17T10:13:24Z" duration-ms="10834">
    <groups>
      <group name="cucumber">
        <method signature="AbstractTestNGCucumberTests.runScenario(io.cucumber.testng.PickleWrapper, io.cucumber.testng.FeatureWrapper)[pri:0, instance:TestRunner.RunnerTest@7ae42ce3]" name="runScenario" class="io.cucumber.testng.AbstractTestNGCucumberTests"/>
      </group> <!-- cucumber -->
    </groups>
    <test started-at="2024-01-17T10:13:13Z" name="Default test" finished-at="2024-01-17T10:13:24Z" duration-ms="10834">
      <class name="TestRunner.RunnerTest">
        <test-method is-config="true" signature="setUpClass(org.testng.ITestContext)[pri:0, instance:TestRunner.RunnerTest@7ae42ce3]" started-at="2024-01-17T10:13:13Z" name="setUpClass" finished-at="2024-01-17T10:13:13Z" duration-ms="201" status="PASS">
          <params>
            <param index="0">
              <value>
                <![CDATA[org.testng.TestRunner@53b8afea]]>
              </value>
            </param>
          </params>
          <reporter-output>
          </reporter-output>
        </test-method> <!-- setUpClass -->
        <test-method signature="runScenario(io.cucumber.testng.PickleWrapper, io.cucumber.testng.FeatureWrapper)[pri:0, instance:TestRunner.RunnerTest@7ae42ce3]" started-at="2024-01-17T10:13:13Z" name="runScenario" description="Runs Cucumber Scenarios" data-provider="scenarios" finished-at="2024-01-17T10:13:23Z" duration-ms="10349" status="PASS">
          <params>
            <param index="0">
              <value>
                <![CDATA["Test Personal Information Functionality"]]>
              </value>
            </param>
            <param index="1">
              <value>
                <![CDATA["Test Facebook Application Functionality"]]>
              </value>
            </param>
          </params>
          <reporter-output>
          </reporter-output>
        </test-method> <!-- runScenario -->
        <test-method signature="runScenario(io.cucumber.testng.PickleWrapper, io.cucumber.testng.FeatureWrapper)[pri:0, instance:TestRunner.RunnerTest@7ae42ce3]" started-at="2024-01-17T10:13:23Z" name="runScenario" description="Runs Cucumber Scenarios" data-provider="scenarios" finished-at="2024-01-17T10:13:24Z" duration-ms="233" status="PASS">
          <params>
            <param index="0">
              <value>
                <![CDATA["Test Personal Data"]]>
              </value>
            </param>
            <param index="1">
              <value>
                <![CDATA["Test Facebook Application Functionality"]]>
              </value>
            </param>
          </params>
          <reporter-output>
          </reporter-output>
        </test-method> <!-- runScenario -->
        <test-method is-config="true" signature="tearDownClass()[pri:0, instance:TestRunner.RunnerTest@7ae42ce3]" started-at="2024-01-17T10:13:24Z" name="tearDownClass" finished-at="2024-01-17T10:13:24Z" duration-ms="5" status="PASS">
          <reporter-output>
          </reporter-output>
        </test-method> <!-- tearDownClass -->
      </class> <!-- TestRunner.RunnerTest -->
    </test> <!-- Default test -->
  </suite> <!-- Default suite -->
</testng-results>
